This is pdfTeX, Version 3.141592653-2.6-1.40.26 (TeX Live 2024) (preloaded format=pdflatex 2024.6.16)  21 JUN 2024 08:48
entering extended mode
 restricted \write18 enabled.
 %&-line parsing enabled.
**TheFirst.tex
(./TheFirst.tex
LaTeX2e <2023-11-01> patch level 1
L3 programming layer <2024-02-20>
! Undefined control sequence.
<argument> \undefinedpagestyle 
                               
l.1 \pagestyle{bianyi}
                       % è¿™é‡Œåœ¨ç±»æ–‡ä»¶å·²ç»å®šä¹‰äº†é¡µé¢é£æ ¼ï¼Œåœ¨...
The control sequence at the end of the top line
of your error message was never \def'ed. If you have
misspelled it (e.g., `\hobx'), type `I' and the correct
spelling (e.g., `I\hbox'). Otherwise just continue,
and I'll forget about whatever was undefined.


! LaTeX Error: Environment figure undefined.

See the LaTeX manual or LaTeX Companion for explanation.
Type  H <return>  for immediate help.
 ...                                              
                                                  
l.9   \begin{figure}
                    [h]
Your command was ignored.
Type  I <command> <return>  to replace it with another command,
or  <return>  to continue without it.


! LaTeX Error: Missing \begin{document}.

See the LaTeX manual or LaTeX Companion for explanation.
Type  H <return>  for immediate help.
 ...                                              
                                                  
l.9   \begin{figure}[
                     h]
You're in trouble here.  Try typing  <return>  to proceed.
If that doesn't work, type  X <return>  to quit.

Missing character: There is no [ in font nullfont!
Missing character: There is no h in font nullfont!
Missing character: There is no ] in font nullfont!
! Undefined control sequence.
l.11  	\includegraphics
                       [scale=1]{Fig/logo.pdf}
The control sequence at the end of the top line
of your error message was never \def'ed. If you have
misspelled it (e.g., `\hobx'), type `I' and the correct
spelling (e.g., `I\hbox'). Otherwise just continue,
and I'll forget about whatever was undefined.

Missing character: There is no [ in font nullfont!
Missing character: There is no s in font nullfont!
Missing character: There is no c in font nullfont!
Missing character: There is no a in font nullfont!
Missing character: There is no l in font nullfont!
Missing character: There is no e in font nullfont!
Missing character: There is no = in font nullfont!
Missing character: There is no 1 in font nullfont!
Missing character: There is no ] in font nullfont!
Missing character: There is no F in font nullfont!
Missing character: There is no i in font nullfont!
Missing character: There is no g in font nullfont!
Missing character: There is no / in font nullfont!
Missing character: There is no l in font nullfont!
Missing character: There is no o in font nullfont!
Missing character: There is no g in font nullfont!
Missing character: There is no o in font nullfont!
Missing character: There is no . in font nullfont!
Missing character: There is no p in font nullfont!
Missing character: There is no d in font nullfont!
Missing character: There is no f in font nullfont!

! LaTeX Error: \begin{document} ended by \end{figure}.

See the LaTeX manual or LaTeX Companion for explanation.
Type  H <return>  for immediate help.
 ...                                              
                                                  
l.13  \end{figure}
                  
Your command was ignored.
Type  I <command> <return>  to replace it with another command,
or  <return>  to continue without it.


Overfull \hbox (20.0pt too wide) in paragraph at lines 9--15
[]
 []


! LaTeX Error: Missing \begin{document}.

See the LaTeX manual or LaTeX Companion for explanation.
Type  H <return>  for immediate help.
 ...                                              
                                                  
l.16 \begin{center}
                   
You're in trouble here.  Try typing  <return>  to proceed.
If that doesn't work, type  X <return>  to quit.


Overfull \hbox (20.0pt too wide) in paragraph at lines 16--16
[] 
 []

! Undefined control sequence.
<recently read> \bfheiti 
                         
l.17 ...ihao{-1}ã€Šå•ç‰‡æœºåŸç†ã€‹å®è®­æŠ¥å‘Š}
                                                  
The control sequence at the end of the top line
of your error message was never \def'ed. If you have
misspelled it (e.g., `\hobx'), type `I' and the correct
spelling (e.g., `I\hbox'). Otherwise just continue,
and I'll forget about whatever was undefined.

! Undefined control sequence.
<argument> \bfheiti \zihao 
                           {-1}ã€Šå•ç‰‡æœºåŸç†ã€‹å®è®­æŠ¥å‘Š
l.17 ...ihao{-1}ã€Šå•ç‰‡æœºåŸç†ã€‹å®è®­æŠ¥å‘Š}
                                                  
The control sequence at the end of the top line
of your error message was never \def'ed. If you have
misspelled it (e.g., `\hobx'), type `I' and the correct
spelling (e.g., `I\hbox'). Otherwise just continue,
and I'll forget about whatever was undefined.


! LaTeX Error: Unicode character ã€Š (U+300A)
               not set up for use with LaTeX.

See the LaTeX manual or LaTeX Companion for explanation.
Type  H <return>  for immediate help.
 ...                                              
                                                  
l.17 ...ihao{-1}ã€Šå•ç‰‡æœºåŸç†ã€‹å®è®­æŠ¥å‘Š}
                                                  
You may provide a definition with
\DeclareUnicodeCharacter 


! LaTeX Error: Unicode character å• (U+5355)
               not set up for use with LaTeX.

See the LaTeX manual or LaTeX Companion for explanation.
Type  H <return>  for immediate help.
 ...                                              
                                                  
l.17 ...ihao{-1}ã€Šå•ç‰‡æœºåŸç†ã€‹å®è®­æŠ¥å‘Š}
                                                  
You may provide a definition with
\DeclareUnicodeCharacter 


! LaTeX Error: Unicode character ç‰‡ (U+7247)
               not set up for use with LaTeX.

See the LaTeX manual or LaTeX Companion for explanation.
Type  H <return>  for immediate help.
 ...                                              
                                                  
l.17 ...ihao{-1}ã€Šå•ç‰‡æœºåŸç†ã€‹å®è®­æŠ¥å‘Š}
                                                  
You may provide a definition with
\DeclareUnicodeCharacter 


! LaTeX Error: Unicode character æœº (U+673A)
               not set up for use with LaTeX.

See the LaTeX manual or LaTeX Companion for explanation.
Type  H <return>  for immediate help.
 ...                                              
                                                  
l.17 ...ihao{-1}ã€Šå•ç‰‡æœºåŸç†ã€‹å®è®­æŠ¥å‘Š}
                                                  
You may provide a definition with
\DeclareUnicodeCharacter 


! LaTeX Error: Unicode character åŸ (U+539F)
               not set up for use with LaTeX.

See the LaTeX manual or LaTeX Companion for explanation.
Type  H <return>  for immediate help.
 ...                                              
                                                  
l.17 ...ihao{-1}ã€Šå•ç‰‡æœºåŸç†ã€‹å®è®­æŠ¥å‘Š}
                                                  
You may provide a definition with
\DeclareUnicodeCharacter 


! LaTeX Error: Unicode character ç† (U+7406)
               not set up for use with LaTeX.

See the LaTeX manual or LaTeX Companion for explanation.
Type  H <return>  for immediate help.
 ...                                              
                                                  
l.17 ...ihao{-1}ã€Šå•ç‰‡æœºåŸç†ã€‹å®è®­æŠ¥å‘Š}
                                                  
You may provide a definition with
\DeclareUnicodeCharacter 


! LaTeX Error: Unicode character ã€‹ (U+300B)
               not set up for use with LaTeX.

See the LaTeX manual or LaTeX Companion for explanation.
Type  H <return>  for immediate help.
 ...                                              
                                                  
l.17 ...ihao{-1}ã€Šå•ç‰‡æœºåŸç†ã€‹å®è®­æŠ¥å‘Š}
                                                  
You may provide a definition with
\DeclareUnicodeCharacter 


! LaTeX Error: Unicode character å® (U+5B9E)
               not set up for use with LaTeX.

See the LaTeX manual or LaTeX Companion for explanation.
Type  H <return>  for immediate help.
 ...                                              
                                                  
l.17 ...ihao{-1}ã€Šå•ç‰‡æœºåŸç†ã€‹å®è®­æŠ¥å‘Š}
                                                  
You may provide a definition with
\DeclareUnicodeCharacter 


! LaTeX Error: Unicode character è®­ (U+8BAD)
               not set up for use with LaTeX.

See the LaTeX manual or LaTeX Companion for explanation.
Type  H <return>  for immediate help.
 ...                                              
                                                  
l.17 ...ihao{-1}ã€Šå•ç‰‡æœºåŸç†ã€‹å®è®­æŠ¥å‘Š}
                                                  
You may provide a definition with
\DeclareUnicodeCharacter 


! LaTeX Error: Unicode character æŠ¥ (U+62A5)
               not set up for use with LaTeX.

See the LaTeX manual or LaTeX Companion for explanation.
Type  H <return>  for immediate help.
 ...                                              
                                                  
l.17 ...ihao{-1}ã€Šå•ç‰‡æœºåŸç†ã€‹å®è®­æŠ¥å‘Š}
                                                  
You may provide a definition with
\DeclareUnicodeCharacter 


! LaTeX Error: Unicode character å‘Š (U+544A)
               not set up for use with LaTeX.

See the LaTeX manual or LaTeX Companion for explanation.
Type  H <return>  for immediate help.
 ...                                              
                                                  
l.17 ...ihao{-1}ã€Šå•ç‰‡æœºåŸç†ã€‹å®è®­æŠ¥å‘Š}
                                                  
You may provide a definition with
\DeclareUnicodeCharacter 


Overfull \hbox (3.83331pt too wide) in paragraph at lines 17--18
 \OT1/cmr/bx/n/10 - 
 []


Overfull \hbox (5.74997pt too wide) in paragraph at lines 17--18
 \OT1/cmr/bx/n/10 1 
 []


! LaTeX Error: Environment table undefined.

See the LaTeX manual or LaTeX Companion for explanation.
Type  H <return>  for immediate help.
 ...                                              
                                                  
l.23 \begin{table}
                  [h]
Your command was ignored.
Type  I <command> <return>  to replace it with another command,
or  <return>  to continue without it.

Missing character: There is no [ in font nullfont!
Missing character: There is no h in font nullfont!
Missing character: There is no ] in font nullfont!

! LaTeX Error: Environment large undefined.

See the LaTeX manual or LaTeX Companion for explanation.
Type  H <return>  for immediate help.
 ...                                              
                                                  
l.25 	\begin{large}
                   
Your command was ignored.
Type  I <command> <return>  to replace it with another command,
or  <return>  to continue without it.

LaTeX Font Info:    External font `cmex10' loaded for size
(Font)              <7> on input line 26.
LaTeX Font Info:    External font `cmex10' loaded for size
(Font)              <5> on input line 26.

! LaTeX Error: Illegal character in array arg.

See the LaTeX manual or LaTeX Companion for explanation.
Type  H <return>  for immediate help.
 ...                                              
                                                  
l.26 		\begin{tabular}{p{2cm} p{7cm}<{\centering}}
                                                  
You're in trouble here.  Try typing  <return>  to proceed.
If that doesn't work, type  X <return>  to quit.

Missing character: There is no c in font nullfont!

! LaTeX Error:  Illegal character in array arg.

See the LaTeX manual or LaTeX Companion for explanation.
Type  H <return>  for immediate help.
 ...                                              
                                                  
l.26 		\begin{tabular}{p{2cm} p{7cm}<{\centering}}
                                                  
You're in trouble here.  Try typing  <return>  to proceed.
If that doesn't work, type  X <return>  to quit.

! Undefined control sequence.
<recently read> \bfsongti 
                          
l.27 			\textbf{\bfsongti è¯¾~~\quad~~é¢˜: }
                                            &  \textbf{\bfsongti åŸºäºå•ç‰...
The control sequence at the end of the top line
of your error message was never \def'ed. If you have
misspelled it (e.g., `\hobx'), type `I' and the correct
spelling (e.g., `I\hbox'). Otherwise just continue,
and I'll forget about whatever was undefined.


! LaTeX Error: Unicode character è¯¾ (U+8BFE)
               not set up for use with LaTeX.

See the LaTeX manual or LaTeX Companion for explanation.
Type  H <return>  for immediate help.
 ...                                              
                                                  
l.27 			\textbf{\bfsongti è¯¾~~\quad~~é¢˜: }
                                            &  \textbf{\bfsongti åŸºäºå•ç‰...

You may provide a definition with
\DeclareUnicodeCharacter 


! LaTeX Error: Unicode character é¢˜ (U+9898)
               not set up for use with LaTeX.

See the LaTeX manual or LaTeX Companion for explanation.
Type  H <return>  for immediate help.
 ...                                              
                                                  
l.27 			\textbf{\bfsongti è¯¾~~\quad~~é¢˜: }
                                            &  \textbf{\bfsongti åŸºäºå•ç‰...

You may provide a definition with
\DeclareUnicodeCharacter 

! Undefined control sequence.
<recently read> \bfsongti 
                          
l.27 ...fsongti åŸºäºå•ç‰‡æœºæ™ºèƒ½å°è½¦è®¾è®¡}
                                                       \\ \cline{2-2}
The control sequence at the end of the top line
of your error message was never \def'ed. If you have
misspelled it (e.g., `\hobx'), type `I' and the correct
spelling (e.g., `I\hbox'). Otherwise just continue,
and I'll forget about whatever was undefined.


! LaTeX Error: Unicode character åŸº (U+57FA)
               not set up for use with LaTeX.

See the LaTeX manual or LaTeX Companion for explanation.
Type  H <return>  for immediate help.
 ...                                              
                                                  
l.27 ...fsongti åŸºäºå•ç‰‡æœºæ™ºèƒ½å°è½¦è®¾è®¡}
                                                       \\ \cline{2-2}
You may provide a definition with
\DeclareUnicodeCharacter 


! LaTeX Error: Unicode character äº (U+4E8E)
               not set up for use with LaTeX.

See the LaTeX manual or LaTeX Companion for explanation.
Type  H <return>  for immediate help.
 ...                                              
                                                  
l.27 ...fsongti åŸºäºå•ç‰‡æœºæ™ºèƒ½å°è½¦è®¾è®¡}
                                                       \\ \cline{2-2}
You may provide a definition with
\DeclareUnicodeCharacter 


! LaTeX Error: Unicode character å• (U+5355)
               not set up for use with LaTeX.

See the LaTeX manual or LaTeX Companion for explanation.
Type  H <return>  for immediate help.
 ...                                              
                                                  
l.27 ...fsongti åŸºäºå•ç‰‡æœºæ™ºèƒ½å°è½¦è®¾è®¡}
                                                       \\ \cline{2-2}
You may provide a definition with
\DeclareUnicodeCharacter 


! LaTeX Error: Unicode character ç‰‡ (U+7247)
               not set up for use with LaTeX.

See the LaTeX manual or LaTeX Companion for explanation.
Type  H <return>  for immediate help.
 ...                                              
                                                  
l.27 ...fsongti åŸºäºå•ç‰‡æœºæ™ºèƒ½å°è½¦è®¾è®¡}
                                                       \\ \cline{2-2}
You may provide a definition with
\DeclareUnicodeCharacter 


! LaTeX Error: Unicode character æœº (U+673A)
               not set up for use with LaTeX.

See the LaTeX manual or LaTeX Companion for explanation.
Type  H <return>  for immediate help.
 ...                                              
                                                  
l.27 ...fsongti åŸºäºå•ç‰‡æœºæ™ºèƒ½å°è½¦è®¾è®¡}
                                                       \\ \cline{2-2}
You may provide a definition with
\DeclareUnicodeCharacter 


! LaTeX Error: Unicode character æ™º (U+667A)
               not set up for use with LaTeX.

See the LaTeX manual or LaTeX Companion for explanation.
Type  H <return>  for immediate help.
 ...                                              
                                                  
l.27 ...fsongti åŸºäºå•ç‰‡æœºæ™ºèƒ½å°è½¦è®¾è®¡}
                                                       \\ \cline{2-2}
You may provide a definition with
\DeclareUnicodeCharacter 


! LaTeX Error: Unicode character èƒ½ (U+80FD)
               not set up for use with LaTeX.

See the LaTeX manual or LaTeX Companion for explanation.
Type  H <return>  for immediate help.
 ...                                              
                                                  
l.27 ...fsongti åŸºäºå•ç‰‡æœºæ™ºèƒ½å°è½¦è®¾è®¡}
                                                       \\ \cline{2-2}
You may provide a definition with
\DeclareUnicodeCharacter 


! LaTeX Error: Unicode character å° (U+5C0F)
               not set up for use with LaTeX.

See the LaTeX manual or LaTeX Companion for explanation.
Type  H <return>  for immediate help.
 ...                                              
                                                  
l.27 ...fsongti åŸºäºå•ç‰‡æœºæ™ºèƒ½å°è½¦è®¾è®¡}
                                                       \\ \cline{2-2}
You may provide a definition with
\DeclareUnicodeCharacter 


! LaTeX Error: Unicode character è½¦ (U+8F66)
               not set up for use with LaTeX.

See the LaTeX manual or LaTeX Companion for explanation.
Type  H <return>  for immediate help.
 ...                                              
                                                  
l.27 ...fsongti åŸºäºå•ç‰‡æœºæ™ºèƒ½å°è½¦è®¾è®¡}
                                                       \\ \cline{2-2}
You may provide a definition with
\DeclareUnicodeCharacter 


! LaTeX Error: Unicode character è®¾ (U+8BBE)
               not set up for use with LaTeX.

See the LaTeX manual or LaTeX Companion for explanation.
Type  H <return>  for immediate help.
 ...                                              
                                                  
l.27 ...fsongti åŸºäºå•ç‰‡æœºæ™ºèƒ½å°è½¦è®¾è®¡}
                                                       \\ \cline{2-2}
You may provide a definition with
\DeclareUnicodeCharacter 


! LaTeX Error: Unicode character è®¡ (U+8BA1)
               not set up for use with LaTeX.

See the LaTeX manual or LaTeX Companion for explanation.
Type  H <return>  for immediate help.
 ...                                              
                                                  
l.27 ...fsongti åŸºäºå•ç‰‡æœºæ™ºèƒ½å°è½¦è®¾è®¡}
                                                       \\ \cline{2-2}
You may provide a definition with
\DeclareUnicodeCharacter 

! Undefined control sequence.
<recently read> \bfsongti 
                          
l.29 			\textbf{\bfsongti å­¦~~\quad~~é™¢:}
                                             & \textbf{\bfsongti æ•°è®¡(æœå...
The control sequence at the end of the top line
of your error message was never \def'ed. If you have
misspelled it (e.g., `\hobx'), type `I' and the correct
spelling (e.g., `I\hbox'). Otherwise just continue,
and I'll forget about whatever was undefined.


! LaTeX Error: Unicode character å­¦ (U+5B66)
               not set up for use with LaTeX.

See the LaTeX manual or LaTeX Companion for explanation.
Type  H <return>  for immediate help.
 ...                                              
                                                  
l.29 			\textbf{\bfsongti å­¦~~\quad~~é™¢:}
                                             & \textbf{\bfsongti æ•°è®¡(æœå...

You may provide a definition with
\DeclareUnicodeCharacter 


! LaTeX Error: Unicode character é™¢ (U+9662)
               not set up for use with LaTeX.

See the LaTeX manual or LaTeX Companion for explanation.
Type  H <return>  for immediate help.
 ...                                              
                                                  
l.29 			\textbf{\bfsongti å­¦~~\quad~~é™¢:}
                                             & \textbf{\bfsongti æ•°è®¡(æœå...

You may provide a definition with
\DeclareUnicodeCharacter 

! Undefined control sequence.
<recently read> \bfsongti 
                          
l.29 ...xtbf{\bfsongti æ•°è®¡(æœåŠ¡å¤–åŒ…)å­¦é™¢}
                                                   \\ \cline{2-2}
The control sequence at the end of the top line
of your error message was never \def'ed. If you have
misspelled it (e.g., `\hobx'), type `I' and the correct
spelling (e.g., `I\hbox'). Otherwise just continue,
and I'll forget about whatever was undefined.


! LaTeX Error: Unicode character æ•° (U+6570)
               not set up for use with LaTeX.

See the LaTeX manual or LaTeX Companion for explanation.
Type  H <return>  for immediate help.
 ...                                              
                                                  
l.29 ...xtbf{\bfsongti æ•°è®¡(æœåŠ¡å¤–åŒ…)å­¦é™¢}
                                                   \\ \cline{2-2}
You may provide a definition with
\DeclareUnicodeCharacter 


! LaTeX Error: Unicode character è®¡ (U+8BA1)
               not set up for use with LaTeX.

See the LaTeX manual or LaTeX Companion for explanation.
Type  H <return>  for immediate help.
 ...                                              
                                                  
l.29 ...xtbf{\bfsongti æ•°è®¡(æœåŠ¡å¤–åŒ…)å­¦é™¢}
                                                   \\ \cline{2-2}
You may provide a definition with
\DeclareUnicodeCharacter 


! LaTeX Error: Unicode character æœ (U+670D)
               not set up for use with LaTeX.

See the LaTeX manual or LaTeX Companion for explanation.
Type  H <return>  for immediate help.
 ...                                              
                                                  
l.29 ...xtbf{\bfsongti æ•°è®¡(æœåŠ¡å¤–åŒ…)å­¦é™¢}
                                                   \\ \cline{2-2}
You may provide a definition with
\DeclareUnicodeCharacter 


! LaTeX Error: Unicode character åŠ¡ (U+52A1)
               not set up for use with LaTeX.

See the LaTeX manual or LaTeX Companion for explanation.
Type  H <return>  for immediate help.
 ...                                              
                                                  
l.29 ...xtbf{\bfsongti æ•°è®¡(æœåŠ¡å¤–åŒ…)å­¦é™¢}
                                                   \\ \cline{2-2}
You may provide a definition with
\DeclareUnicodeCharacter 


! LaTeX Error: Unicode character å¤– (U+5916)
               not set up for use with LaTeX.

See the LaTeX manual or LaTeX Companion for explanation.
Type  H <return>  for immediate help.
 ...                                              
                                                  
l.29 ...xtbf{\bfsongti æ•°è®¡(æœåŠ¡å¤–åŒ…)å­¦é™¢}
                                                   \\ \cline{2-2}
You may provide a definition with
\DeclareUnicodeCharacter 


! LaTeX Error: Unicode character åŒ… (U+5305)
               not set up for use with LaTeX.

See the LaTeX manual or LaTeX Companion for explanation.
Type  H <return>  for immediate help.
 ...                                              
                                                  
l.29 ...xtbf{\bfsongti æ•°è®¡(æœåŠ¡å¤–åŒ…)å­¦é™¢}
                                                   \\ \cline{2-2}
You may provide a definition with
\DeclareUnicodeCharacter 


! LaTeX Error: Unicode character å­¦ (U+5B66)
               not set up for use with LaTeX.

See the LaTeX manual or LaTeX Companion for explanation.
Type  H <return>  for immediate help.
 ...                                              
                                                  
l.29 ...xtbf{\bfsongti æ•°è®¡(æœåŠ¡å¤–åŒ…)å­¦é™¢}
                                                   \\ \cline{2-2}
You may provide a definition with
\DeclareUnicodeCharacter 


! LaTeX Error: Unicode character é™¢ (U+9662)
               not set up for use with LaTeX.

See the LaTeX manual or LaTeX Companion for explanation.
Type  H <return>  for immediate help.
 ...                                              
                                                  
l.29 ...xtbf{\bfsongti æ•°è®¡(æœåŠ¡å¤–åŒ…)å­¦é™¢}
                                                   \\ \cline{2-2}
You may provide a definition with
\DeclareUnicodeCharacter 

! Undefined control sequence.
<recently read> \bfsongti 
                          
l.30 			\textbf{\bfsongti ä¸“ä¸šç­çº§:}
                                          & \textbf{\bfsongti XXX} \\ \cline...
The control sequence at the end of the top line
of your error message was never \def'ed. If you have
misspelled it (e.g., `\hobx'), type `I' and the correct
spelling (e.g., `I\hbox'). Otherwise just continue,
and I'll forget about whatever was undefined.


! LaTeX Error: Unicode character ä¸“ (U+4E13)
               not set up for use with LaTeX.

See the LaTeX manual or LaTeX Companion for explanation.
Type  H <return>  for immediate help.
 ...                                              
                                                  
l.30 			\textbf{\bfsongti ä¸“ä¸šç­çº§:}
                                          & \textbf{\bfsongti XXX} \\ \cline...

You may provide a definition with
\DeclareUnicodeCharacter 


! LaTeX Error: Unicode character ä¸š (U+4E1A)
               not set up for use with LaTeX.

See the LaTeX manual or LaTeX Companion for explanation.
Type  H <return>  for immediate help.
 ...                                              
                                                  
l.30 			\textbf{\bfsongti ä¸“ä¸šç­çº§:}
                                          & \textbf{\bfsongti XXX} \\ \cline...

You may provide a definition with
\DeclareUnicodeCharacter 


! LaTeX Error: Unicode character ç­ (U+73ED)
               not set up for use with LaTeX.

See the LaTeX manual or LaTeX Companion for explanation.
Type  H <return>  for immediate help.
 ...                                              
                                                  
l.30 			\textbf{\bfsongti ä¸“ä¸šç­çº§:}
                                          & \textbf{\bfsongti XXX} \\ \cline...

You may provide a definition with
\DeclareUnicodeCharacter 


! LaTeX Error: Unicode character çº§ (U+7EA7)
               not set up for use with LaTeX.

See the LaTeX manual or LaTeX Companion for explanation.
Type  H <return>  for immediate help.
 ...                                              
                                                  
l.30 			\textbf{\bfsongti ä¸“ä¸šç­çº§:}
                                          & \textbf{\bfsongti XXX} \\ \cline...

You may provide a definition with
\DeclareUnicodeCharacter 

! Undefined control sequence.
<recently read> \bfsongti 
                          
l.30 ...i ä¸“ä¸šç­çº§:}  & \textbf{\bfsongti XXX}
                                                   \\ \cline{2-2}
The control sequence at the end of the top line
of your error message was never \def'ed. If you have
misspelled it (e.g., `\hobx'), type `I' and the correct
spelling (e.g., `I\hbox'). Otherwise just continue,
and I'll forget about whatever was undefined.

! Undefined control sequence.
<recently read> \bfsongti 
                          
l.31 			\textbf{\bfsongti é˜Ÿ~~\quad~å‘˜1:}
                                            & \textbf{\bfsongti å¼ ä¸‰}  \\ ...
The control sequence at the end of the top line
of your error message was never \def'ed. If you have
misspelled it (e.g., `\hobx'), type `I' and the correct
spelling (e.g., `I\hbox'). Otherwise just continue,
and I'll forget about whatever was undefined.


! LaTeX Error: Unicode character é˜Ÿ (U+961F)
               not set up for use with LaTeX.

See the LaTeX manual or LaTeX Companion for explanation.
Type  H <return>  for immediate help.
 ...                                              
                                                  
l.31 			\textbf{\bfsongti é˜Ÿ~~\quad~å‘˜1:}
                                            & \textbf{\bfsongti å¼ ä¸‰}  \\ ...

You may provide a definition with
\DeclareUnicodeCharacter 


! LaTeX Error: Unicode character å‘˜ (U+5458)
               not set up for use with LaTeX.

See the LaTeX manual or LaTeX Companion for explanation.
Type  H <return>  for immediate help.
 ...                                              
                                                  
l.31 			\textbf{\bfsongti é˜Ÿ~~\quad~å‘˜1:}
                                            & \textbf{\bfsongti å¼ ä¸‰}  \\ ...

You may provide a definition with
\DeclareUnicodeCharacter 

! Undefined control sequence.
<recently read> \bfsongti 
                          
l.31 ...~~\quad~å‘˜1:} & \textbf{\bfsongti å¼ ä¸‰}
                                                    \\ \cline{2-2}
The control sequence at the end of the top line
of your error message was never \def'ed. If you have
misspelled it (e.g., `\hobx'), type `I' and the correct
spelling (e.g., `I\hbox'). Otherwise just continue,
and I'll forget about whatever was undefined.


! LaTeX Error: Unicode character å¼  (U+5F20)
               not set up for use with LaTeX.

See the LaTeX manual or LaTeX Companion for explanation.
Type  H <return>  for immediate help.
 ...                                              
                                                  
l.31 ...~~\quad~å‘˜1:} & \textbf{\bfsongti å¼ ä¸‰}
                                                    \\ \cline{2-2}
You may provide a definition with
\DeclareUnicodeCharacter 


! LaTeX Error: Unicode character ä¸‰ (U+4E09)
               not set up for use with LaTeX.

See the LaTeX manual or LaTeX Companion for explanation.
Type  H <return>  for immediate help.
 ...                                              
                                                  
l.31 ...~~\quad~å‘˜1:} & \textbf{\bfsongti å¼ ä¸‰}
                                                    \\ \cline{2-2}
You may provide a definition with
\DeclareUnicodeCharacter 

! Undefined control sequence.
<recently read> \bfsongti 
                          
l.32 			\textbf{\bfsongti å­¦~~\quad~å·1:}
                                           & \textbf{\bfsongti 123456789}\\ ...
The control sequence at the end of the top line
of your error message was never \def'ed. If you have
misspelled it (e.g., `\hobx'), type `I' and the correct
spelling (e.g., `I\hbox'). Otherwise just continue,
and I'll forget about whatever was undefined.


! LaTeX Error: Unicode character å­¦ (U+5B66)
               not set up for use with LaTeX.

See the LaTeX manual or LaTeX Companion for explanation.
Type  H <return>  for immediate help.
 ...                                              
                                                  
l.32 			\textbf{\bfsongti å­¦~~\quad~å·1:}
                                           & \textbf{\bfsongti 123456789}\\ ...

You may provide a definition with
\DeclareUnicodeCharacter 


! LaTeX Error: Unicode character å· (U+53F7)
               not set up for use with LaTeX.

See the LaTeX manual or LaTeX Companion for explanation.
Type  H <return>  for immediate help.
 ...                                              
                                                  
l.32 			\textbf{\bfsongti å­¦~~\quad~å·1:}
                                           & \textbf{\bfsongti 123456789}\\ ...

You may provide a definition with
\DeclareUnicodeCharacter 

! Undefined control sequence.
<recently read> \bfsongti 
                          
l.32 ...\quad~å·1:}& \textbf{\bfsongti 123456789}
                                                  \\ \cline{2-2}
The control sequence at the end of the top line
of your error message was never \def'ed. If you have
misspelled it (e.g., `\hobx'), type `I' and the correct
spelling (e.g., `I\hbox'). Otherwise just continue,
and I'll forget about whatever was undefined.

! Undefined control sequence.
<recently read> \bfsongti 
                          
l.33 			\textbf{\bfsongti é˜Ÿ~~\quad~å‘˜2:}
                                            & \textbf{\bfsongti å¼ ä¸‰}  \\ ...
The control sequence at the end of the top line
of your error message was never \def'ed. If you have
misspelled it (e.g., `\hobx'), type `I' and the correct
spelling (e.g., `I\hbox'). Otherwise just continue,
and I'll forget about whatever was undefined.


! LaTeX Error: Unicode character é˜Ÿ (U+961F)
               not set up for use with LaTeX.

See the LaTeX manual or LaTeX Companion for explanation.
Type  H <return>  for immediate help.
 ...                                              
                                                  
l.33 			\textbf{\bfsongti é˜Ÿ~~\quad~å‘˜2:}
                                            & \textbf{\bfsongti å¼ ä¸‰}  \\ ...

You may provide a definition with
\DeclareUnicodeCharacter 


! LaTeX Error: Unicode character å‘˜ (U+5458)
               not set up for use with LaTeX.

See the LaTeX manual or LaTeX Companion for explanation.
Type  H <return>  for immediate help.
 ...                                              
                                                  
l.33 			\textbf{\bfsongti é˜Ÿ~~\quad~å‘˜2:}
                                            & \textbf{\bfsongti å¼ ä¸‰}  \\ ...

You may provide a definition with
\DeclareUnicodeCharacter 

! Undefined control sequence.
<recently read> \bfsongti 
                          
l.33 ...~~\quad~å‘˜2:} & \textbf{\bfsongti å¼ ä¸‰}
                                                    \\ \cline{2-2}
The control sequence at the end of the top line
of your error message was never \def'ed. If you have
misspelled it (e.g., `\hobx'), type `I' and the correct
spelling (e.g., `I\hbox'). Otherwise just continue,
and I'll forget about whatever was undefined.


! LaTeX Error: Unicode character å¼  (U+5F20)
               not set up for use with LaTeX.

See the LaTeX manual or LaTeX Companion for explanation.
Type  H <return>  for immediate help.
 ...                                              
                                                  
l.33 ...~~\quad~å‘˜2:} & \textbf{\bfsongti å¼ ä¸‰}
                                                    \\ \cline{2-2}
You may provide a definition with
\DeclareUnicodeCharacter 


! LaTeX Error: Unicode character ä¸‰ (U+4E09)
               not set up for use with LaTeX.

See the LaTeX manual or LaTeX Companion for explanation.
Type  H <return>  for immediate help.
 ...                                              
                                                  
l.33 ...~~\quad~å‘˜2:} & \textbf{\bfsongti å¼ ä¸‰}
                                                    \\ \cline{2-2}
You may provide a definition with
\DeclareUnicodeCharacter 

! Undefined control sequence.
<recently read> \bfsongti 
                          
l.34 			\textbf{\bfsongti å­¦~~\quad~å·2:}
                                           & \textbf{\bfsongti 123456789}\\ ...
The control sequence at the end of the top line
of your error message was never \def'ed. If you have
misspelled it (e.g., `\hobx'), type `I' and the correct
spelling (e.g., `I\hbox'). Otherwise just continue,
and I'll forget about whatever was undefined.


! LaTeX Error: Unicode character å­¦ (U+5B66)
               not set up for use with LaTeX.

See the LaTeX manual or LaTeX Companion for explanation.
Type  H <return>  for immediate help.
 ...                                              
                                                  
l.34 			\textbf{\bfsongti å­¦~~\quad~å·2:}
                                           & \textbf{\bfsongti 123456789}\\ ...

You may provide a definition with
\DeclareUnicodeCharacter 


! LaTeX Error: Unicode character å· (U+53F7)
               not set up for use with LaTeX.

See the LaTeX manual or LaTeX Companion for explanation.
Type  H <return>  for immediate help.
 ...                                              
                                                  
l.34 			\textbf{\bfsongti å­¦~~\quad~å·2:}
                                           & \textbf{\bfsongti 123456789}\\ ...

You may provide a definition with
\DeclareUnicodeCharacter 

! Undefined control sequence.
<recently read> \bfsongti 
                          
l.34 ...\quad~å·2:}& \textbf{\bfsongti 123456789}
                                                  \\ \cline{2-2}
The control sequence at the end of the top line
of your error message was never \def'ed. If you have
misspelled it (e.g., `\hobx'), type `I' and the correct
spelling (e.g., `I\hbox'). Otherwise just continue,
and I'll forget about whatever was undefined.

! Undefined control sequence.
<recently read> \bfsongti 
                          
l.35 			\textbf{\bfsongti æŒ‡å¯¼æ•™å¸ˆ:   }
                                             & \textbf{\bfsongti æ¨ç¿Œè™¢~é...
The control sequence at the end of the top line
of your error message was never \def'ed. If you have
misspelled it (e.g., `\hobx'), type `I' and the correct
spelling (e.g., `I\hbox'). Otherwise just continue,
and I'll forget about whatever was undefined.


! LaTeX Error: Unicode character æŒ‡ (U+6307)
               not set up for use with LaTeX.

See the LaTeX manual or LaTeX Companion for explanation.
Type  H <return>  for immediate help.
 ...                                              
                                                  
l.35 			\textbf{\bfsongti æŒ‡å¯¼æ•™å¸ˆ:   }
                                             & \textbf{\bfsongti æ¨ç¿Œè™¢~é...

You may provide a definition with
\DeclareUnicodeCharacter 


! LaTeX Error: Unicode character å¯¼ (U+5BFC)
               not set up for use with LaTeX.

See the LaTeX manual or LaTeX Companion for explanation.
Type  H <return>  for immediate help.
 ...                                              
                                                  
l.35 			\textbf{\bfsongti æŒ‡å¯¼æ•™å¸ˆ:   }
                                             & \textbf{\bfsongti æ¨ç¿Œè™¢~é...

You may provide a definition with
\DeclareUnicodeCharacter 


! LaTeX Error: Unicode character æ•™ (U+6559)
               not set up for use with LaTeX.

See the LaTeX manual or LaTeX Companion for explanation.
Type  H <return>  for immediate help.
 ...                                              
                                                  
l.35 			\textbf{\bfsongti æŒ‡å¯¼æ•™å¸ˆ:   }
                                             & \textbf{\bfsongti æ¨ç¿Œè™¢~é...

You may provide a definition with
\DeclareUnicodeCharacter 


! LaTeX Error: Unicode character å¸ˆ (U+5E08)
               not set up for use with LaTeX.

See the LaTeX manual or LaTeX Companion for explanation.
Type  H <return>  for immediate help.
 ...                                              
                                                  
l.35 			\textbf{\bfsongti æŒ‡å¯¼æ•™å¸ˆ:   }
                                             & \textbf{\bfsongti æ¨ç¿Œè™¢~é...

You may provide a definition with
\DeclareUnicodeCharacter 

! Undefined control sequence.
<recently read> \bfsongti 
                          
l.35 ...extbf{\bfsongti æ¨ç¿Œè™¢~é«˜çº§å·¥ç¨‹å¸ˆ}
                                                   \\ \cline{2-2}
The control sequence at the end of the top line
of your error message was never \def'ed. If you have
misspelled it (e.g., `\hobx'), type `I' and the correct
spelling (e.g., `I\hbox'). Otherwise just continue,
and I'll forget about whatever was undefined.


! LaTeX Error: Unicode character æ¨ (U+6768)
               not set up for use with LaTeX.

See the LaTeX manual or LaTeX Companion for explanation.
Type  H <return>  for immediate help.
 ...                                              
                                                  
l.35 ...extbf{\bfsongti æ¨ç¿Œè™¢~é«˜çº§å·¥ç¨‹å¸ˆ}
                                                   \\ \cline{2-2}
You may provide a definition with
\DeclareUnicodeCharacter 


! LaTeX Error: Unicode character ç¿Œ (U+7FCC)
               not set up for use with LaTeX.

See the LaTeX manual or LaTeX Companion for explanation.
Type  H <return>  for immediate help.
 ...                                              
                                                  
l.35 ...extbf{\bfsongti æ¨ç¿Œè™¢~é«˜çº§å·¥ç¨‹å¸ˆ}
                                                   \\ \cline{2-2}
You may provide a definition with
\DeclareUnicodeCharacter 


! LaTeX Error: Unicode character è™¢ (U+8662)
               not set up for use with LaTeX.

See the LaTeX manual or LaTeX Companion for explanation.
Type  H <return>  for immediate help.
 ...                                              
                                                  
l.35 ...extbf{\bfsongti æ¨ç¿Œè™¢~é«˜çº§å·¥ç¨‹å¸ˆ}
                                                   \\ \cline{2-2}
You may provide a definition with
\DeclareUnicodeCharacter 


! LaTeX Error: Unicode character é«˜ (U+9AD8)
               not set up for use with LaTeX.

See the LaTeX manual or LaTeX Companion for explanation.
Type  H <return>  for immediate help.
 ...                                              
                                                  
l.35 ...extbf{\bfsongti æ¨ç¿Œè™¢~é«˜çº§å·¥ç¨‹å¸ˆ}
                                                   \\ \cline{2-2}
You may provide a definition with
\DeclareUnicodeCharacter 


! LaTeX Error: Unicode character çº§ (U+7EA7)
               not set up for use with LaTeX.

See the LaTeX manual or LaTeX Companion for explanation.
Type  H <return>  for immediate help.
 ...                                              
                                                  
l.35 ...extbf{\bfsongti æ¨ç¿Œè™¢~é«˜çº§å·¥ç¨‹å¸ˆ}
                                                   \\ \cline{2-2}
You may provide a definition with
\DeclareUnicodeCharacter 


! LaTeX Error: Unicode character å·¥ (U+5DE5)
               not set up for use with LaTeX.

See the LaTeX manual or LaTeX Companion for explanation.
Type  H <return>  for immediate help.
 ...                                              
                                                  
l.35 ...extbf{\bfsongti æ¨ç¿Œè™¢~é«˜çº§å·¥ç¨‹å¸ˆ}
                                                   \\ \cline{2-2}
You may provide a definition with
\DeclareUnicodeCharacter 


! LaTeX Error: Unicode character ç¨‹ (U+7A0B)
               not set up for use with LaTeX.

See the LaTeX manual or LaTeX Companion for explanation.
Type  H <return>  for immediate help.
 ...                                              
                                                  
l.35 ...extbf{\bfsongti æ¨ç¿Œè™¢~é«˜çº§å·¥ç¨‹å¸ˆ}
                                                   \\ \cline{2-2}
You may provide a definition with
\DeclareUnicodeCharacter 


! LaTeX Error: Unicode character å¸ˆ (U+5E08)
               not set up for use with LaTeX.

See the LaTeX manual or LaTeX Companion for explanation.
Type  H <return>  for immediate help.
 ...                                              
                                                  
l.35 ...extbf{\bfsongti æ¨ç¿Œè™¢~é«˜çº§å·¥ç¨‹å¸ˆ}
                                                   \\ \cline{2-2}
You may provide a definition with
\DeclareUnicodeCharacter 


! LaTeX Error: \begin{document} ended by \end{large}.

See the LaTeX manual or LaTeX Companion for explanation.
Type  H <return>  for immediate help.
 ...                                              
                                                  
l.37 	\end{large}
                 		
Your command was ignored.
Type  I <command> <return>  to replace it with another command,
or  <return>  to continue without it.


! LaTeX Error: \begin{document} ended by \end{table}.

See the LaTeX manual or LaTeX Companion for explanation.
Type  H <return>  for immediate help.
 ...                                              
                                                  
l.38 \end{table}
                
Your command was ignored.
Type  I <command> <return>  to replace it with another command,
or  <return>  to continue without it.


Overfull \hbox (20.0pt too wide) in paragraph at lines 23--39
[]
 []


Overfull \hbox (256.07478pt too wide) in paragraph at lines 23--39
[]
 []


Overfull \hbox (20.0pt too wide) in paragraph at lines 42--42
[] 
 []

! Undefined control sequence.
<recently read> \bfsongti 
                          
l.43 	\textbf{\bfsongti\zihao{4}\today}
                                         % è¿™é‡Œæ—¥æœŸæ ¹æ®ç”Ÿæˆpdfæ—¥æœŸ...
The control sequence at the end of the top line
of your error message was never \def'ed. If you have
misspelled it (e.g., `\hobx'), type `I' and the correct
spelling (e.g., `I\hbox'). Otherwise just continue,
and I'll forget about whatever was undefined.

! Undefined control sequence.
<argument> \bfsongti \zihao 
                            {4}\today 
l.43 	\textbf{\bfsongti\zihao{4}\today}
                                         % è¿™é‡Œæ—¥æœŸæ ¹æ®ç”Ÿæˆpdfæ—¥æœŸ...
The control sequence at the end of the top line
of your error message was never \def'ed. If you have
misspelled it (e.g., `\hobx'), type `I' and the correct
spelling (e.g., `I\hbox'). Otherwise just continue,
and I'll forget about whatever was undefined.

! Undefined control sequence.
<argument> \bfsongti \zihao {4}\today 
                                      
l.43 	\textbf{\bfsongti\zihao{4}\today}
                                         % è¿™é‡Œæ—¥æœŸæ ¹æ®ç”Ÿæˆpdfæ—¥æœŸ...
The control sequence at the end of the top line
of your error message was never \def'ed. If you have
misspelled it (e.g., `\hobx'), type `I' and the correct
spelling (e.g., `I\hbox'). Otherwise just continue,
and I'll forget about whatever was undefined.


Overfull \hbox (5.74997pt too wide) in paragraph at lines 43--44
 \OT1/cmr/bx/n/10 4 
 []


! LaTeX Error: The font size command \normalsize is not defined:
               there is probably something wrong with the class file.

See the LaTeX manual or LaTeX Companion for explanation.
Type  H <return>  for immediate help.
 ...                                              
                                                  
l.46 \newpage
             
Your command was ignored.
Type  I <command> <return>  to replace it with another command,
or  <return>  to continue without it.

[1{d:/shixunruanjianheji/Tex Live/texlive/2024/texmf-var/fonts/map/pdftex/updma
p/pdftex.map}])
! Emergency stop.
<*> TheFirst.tex
                
*** (job aborted, no legal \end found)

 
Here is how much of TeX's memory you used:
 86 strings out of 474116
 1067 string characters out of 5733599
 1931190 words of memory out of 5000000
 22543 multiletter control sequences out of 15000+600000
 558377 words of font info for 37 fonts, out of 8000000 for 9000
 1141 hyphenation exceptions out of 8191
 22i,9n,29p,170b,210s stack positions out of 10000i,1000n,20000p,200000b,200000s
!  ==> Fatal error occurred, no output PDF file produced!
