C51 COMPILER V9.60.7.0   MAIN                                                              06/26/2024 15:34:51 PAGE 1   


C51 COMPILER V9.60.7.0, COMPILATION OF MODULE MAIN
OBJECT MODULE PLACED IN .\Objects\main.obj
COMPILER INVOKED BY: D:\Program Files\Keil_v5\C51\BIN\C51.EXE main.c OPTIMIZE(8,SPEED) BROWSE INCDIR(..\USER;..\OBJ) DEB
                    -UG OBJECTEXTEND PRINT(..\OBJ\Listings\main.lst) OBJECT(.\Objects\main.obj)

line level    source

   1          #include<reg51.h>//51单片机头文件
   2          #include "uart.h"//串口通信
   3          #include"function.c"//主要执行函数
*** WARNING C206 IN LINE 286 OF function.c: 'Init_DS18B20': missing function-prototype
*** WARNING C206 IN LINE 287 OF function.c: 'ReadTemperature': missing function-prototype
   4          
   5          //主函数
   6          void main() {
   7   1          while (1) { // 无限循环，或者使用其他条件来控制循环
   8   2              if (!CHANGE1) {
   9   3                  NO_1_main();
  10   3              }
  11   2              if (!CHANGE2) {
  12   3                  NO_2_main();
  13   3              }
  14   2              else {
  15   3                  DataPort = 0xff;
  16   3              }
  17   2          }
  18   1      }
  19          
*** WARNING C290 IN LINE 35 OF main.c: missing return value


MODULE INFORMATION:   STATIC OVERLAYABLE
   CODE SIZE        =   3844    ----
   CONSTANT SIZE    =    658    ----
   XDATA SIZE       =   ----    ----
   PDATA SIZE       =   ----    ----
   DATA SIZE        =     79      12
   IDATA SIZE       =   ----    ----
   BIT SIZE         =   ----    ----
END OF MODULE INFORMATION.


C51 COMPILATION COMPLETE.  3 WARNING(S),  0 ERROR(S)
